[ 19901.662] 
X.Org X Server 1.19.6
Release Date: 2017-12-20
[ 19901.662] X Protocol Version 11, Revision 0
[ 19901.662] Build Operating System: Linux 4.17.0-1-MANJARO x86_64 
[ 19901.662] Current Operating System: Linux manjaro-host 4.14.48-1-MANJARO #1 SMP PREEMPT Tue Jun 5 18:53:59 UTC 2018 x86_64
[ 19901.662] Kernel command line: BOOT_IMAGE=/boot/vmlinuz-4.14-x86_64 root=UUID=8b4a7501-e82d-49ea-ba0f-d39a6c6859a2 rw quiet resume=UUID=c5c5b1f4-26ab-48f6-a024-2457df58d6b5
[ 19901.662] Build Date: 20 May 2018  06:17:37PM
[ 19901.662]  
[ 19901.662] Current version of pixman: 0.34.0
[ 19901.662] 	Before reporting problems, check http://wiki.x.org
	to make sure that you have the latest version.
[ 19901.662] Markers: (--) probed, (**) from config file, (==) default setting,
	(++) from command line, (!!) notice, (II) informational,
	(WW) warning, (EE) error, (NI) not implemented, (??) unknown.
[ 19901.662] (==) Log file: "/home/hayden/.local/share/xorg/Xorg.1.log", Time: Sun Jun 10 04:45:04 2018
[ 19901.663] (==) Using config directory: "/etc/X11/xorg.conf.d"
[ 19901.663] (==) Using system config directory "/usr/share/X11/xorg.conf.d"
[ 19901.663] (==) No Layout section.  Using the first Screen section.
[ 19901.663] (==) No screen section available. Using defaults.
[ 19901.663] (**) |-->Screen "Default Screen Section" (0)
[ 19901.663] (**) |   |-->Monitor "<default monitor>"
[ 19901.663] (==) No monitor specified for screen "Default Screen Section".
	Using a default monitor configuration.
[ 19901.663] (==) Automatically adding devices
[ 19901.663] (==) Automatically enabling devices
[ 19901.663] (==) Automatically adding GPU devices
[ 19901.663] (==) Automatically binding GPU devices
[ 19901.663] (==) Max clients allowed: 256, resource mask: 0x1fffff
[ 19901.663] (WW) The directory "/usr/share/fonts/Type1/" does not exist.
[ 19901.663] 	Entry deleted from font path.
[ 19901.663] (WW) `fonts.dir' not found (or not valid) in "/usr/share/fonts/100dpi/".
[ 19901.663] 	Entry deleted from font path.
[ 19901.663] 	(Run 'mkfontdir' on "/usr/share/fonts/100dpi/").
[ 19901.663] (WW) `fonts.dir' not found (or not valid) in "/usr/share/fonts/75dpi/".
[ 19901.663] 	Entry deleted from font path.
[ 19901.663] 	(Run 'mkfontdir' on "/usr/share/fonts/75dpi/").
[ 19901.663] (==) FontPath set to:
	/usr/share/fonts/misc/,
	/usr/share/fonts/TTF/,
	/usr/share/fonts/OTF/
[ 19901.663] (==) ModulePath set to "/usr/lib/xorg/modules"
[ 19901.663] (II) The server relies on udev to provide the list of input devices.
	If no devices become available, reconfigure udev or disable AutoAddDevices.
[ 19901.663] (II) Loader magic: 0x558878458d40
[ 19901.663] (II) Module ABI versions:
[ 19901.663] 	X.Org ANSI C Emulation: 0.4
[ 19901.663] 	X.Org Video Driver: 23.0
[ 19901.663] 	X.Org XInput driver : 24.1
[ 19901.663] 	X.Org Server Extension : 10.0
[ 19901.663] (++) using VT number 2

[ 19901.665] (II) systemd-logind: took control of session /org/freedesktop/login1/session/c6
[ 19901.666] (II) xfree86: Adding drm device (/dev/dri/card0)
[ 19901.667] (II) systemd-logind: got fd for /dev/dri/card0 226:0 fd 11 paused 0
[ 19901.668] (--) PCI:*(0:0:2:0) 8086:0a16:17aa:220c rev 11, Mem @ 0xf0000000/4194304, 0xe0000000/268435456, I/O @ 0x00003000/64, BIOS @ 0x????????/131072
[ 19901.668] (WW) Open ACPI failed (/var/run/acpid.socket) (No such file or directory)
[ 19901.668] (II) LoadModule: "glx"
[ 19901.668] (II) Loading /usr/lib/xorg/modules/extensions/libglx.so
[ 19901.670] (II) Module glx: vendor="X.Org Foundation"
[ 19901.670] 	compiled for 1.19.6, module version = 1.0.0
[ 19901.670] 	ABI class: X.Org Server Extension, version 10.0
[ 19901.670] (==) Matched intel as autoconfigured driver 0
[ 19901.670] (==) Matched intel as autoconfigured driver 1
[ 19901.670] (==) Matched modesetting as autoconfigured driver 2
[ 19901.670] (==) Matched fbdev as autoconfigured driver 3
[ 19901.670] (==) Matched vesa as autoconfigured driver 4
[ 19901.670] (==) Assigned the driver to the xf86ConfigLayout
[ 19901.670] (II) LoadModule: "intel"
[ 19901.670] (II) Loading /usr/lib/xorg/modules/drivers/intel_drv.so
[ 19901.670] (II) Module intel: vendor="X.Org Foundation"
[ 19901.670] 	compiled for 1.19.6, module version = 2.99.917
[ 19901.670] 	Module class: X.Org Video Driver
[ 19901.670] 	ABI class: X.Org Video Driver, version 23.0
[ 19901.670] (II) LoadModule: "modesetting"
[ 19901.670] (II) Loading /usr/lib/xorg/modules/drivers/modesetting_drv.so
[ 19901.670] (II) Module modesetting: vendor="X.Org Foundation"
[ 19901.670] 	compiled for 1.19.6, module version = 1.19.6
[ 19901.670] 	Module class: X.Org Video Driver
[ 19901.670] 	ABI class: X.Org Video Driver, version 23.0
[ 19901.670] (II) LoadModule: "fbdev"
[ 19901.671] (WW) Warning, couldn't open module fbdev
[ 19901.671] (II) UnloadModule: "fbdev"
[ 19901.671] (II) Unloading fbdev
[ 19901.671] (EE) Failed to load module "fbdev" (module does not exist, 0)
[ 19901.671] (II) LoadModule: "vesa"
[ 19901.671] (WW) Warning, couldn't open module vesa
[ 19901.671] (II) UnloadModule: "vesa"
[ 19901.671] (II) Unloading vesa
[ 19901.671] (EE) Failed to load module "vesa" (module does not exist, 0)
[ 19901.671] (II) intel: Driver for Intel(R) Integrated Graphics Chipsets:
	i810, i810-dc100, i810e, i815, i830M, 845G, 854, 852GM/855GM, 865G,
	915G, E7221 (i915), 915GM, 945G, 945GM, 945GME, Pineview GM,
	Pineview G, 965G, G35, 965Q, 946GZ, 965GM, 965GME/GLE, G33, Q35, Q33,
	GM45, 4 Series, G45/G43, Q45/Q43, G41, B43
[ 19901.671] (II) intel: Driver for Intel(R) HD Graphics
[ 19901.671] (II) intel: Driver for Intel(R) Iris(TM) Graphics
[ 19901.671] (II) intel: Driver for Intel(R) Iris(TM) Pro Graphics
[ 19901.671] (II) modesetting: Driver for Modesetting Kernel Drivers: kms
[ 19901.671] xf86EnableIOPorts: failed to set IOPL for I/O (Operation not permitted)
[ 19901.671] (II) intel(0): Using Kernel Mode Setting driver: i915, version 1.6.0 20170818
[ 19901.671] (II) intel(0): SNA compiled from 2.99.917-829-gd7dfab62
[ 19901.688] (WW) Falling back to old probe method for modesetting
[ 19901.688] (WW) VGA arbiter: cannot open kernel arbiter, no multi-card support
[ 19901.688] (--) intel(0): Integrated Graphics Chipset: Intel(R) HD Graphics 4400
[ 19901.688] (--) intel(0): CPU: x86-64, sse2, sse3, ssse3, sse4.1, sse4.2, avx, avx2; using a maximum of 2 threads
[ 19901.688] (II) intel(0): Creating default Display subsection in Screen section
	"Default Screen Section" for depth/fbbpp 24/32
[ 19901.688] (==) intel(0): Depth 24, (--) framebuffer bpp 32
[ 19901.688] (==) intel(0): RGB weight 888
[ 19901.688] (==) intel(0): Default visual is TrueColor
[ 19901.689] (II) intel(0): Output eDP1 has no monitor section
[ 19901.689] (**) intel(0): Found backlight control interface intel_backlight (type 'raw') for output eDP1
[ 19901.689] (II) intel(0): Enabled output eDP1
[ 19901.689] (II) intel(0): Output DP1 has no monitor section
[ 19901.690] (II) intel(0): Enabled output DP1
[ 19901.690] (II) intel(0): Output HDMI1 has no monitor section
[ 19901.690] (II) intel(0): Enabled output HDMI1
[ 19901.690] (II) intel(0): Output DP2 has no monitor section
[ 19901.690] (II) intel(0): Enabled output DP2
[ 19901.690] (II) intel(0): Output HDMI2 has no monitor section
[ 19901.690] (II) intel(0): Enabled output HDMI2
[ 19901.690] (--) intel(0): Using a maximum size of 256x256 for hardware cursors
[ 19901.690] (II) intel(0): Output VIRTUAL1 has no monitor section
[ 19901.690] (II) intel(0): Enabled output VIRTUAL1
[ 19901.690] (--) intel(0): Output eDP1 using initial mode 1600x900 on pipe 0
[ 19901.690] (==) intel(0): TearFree disabled
[ 19901.690] (==) intel(0): Using gamma correction (1.0, 1.0, 1.0)
[ 19901.690] (==) intel(0): DPI set to (96, 96)
[ 19901.690] (II) Loading sub module "dri3"
[ 19901.690] (II) LoadModule: "dri3"
[ 19901.690] (II) Module "dri3" already built-in
[ 19901.690] (II) Loading sub module "dri2"
[ 19901.690] (II) LoadModule: "dri2"
[ 19901.690] (II) Module "dri2" already built-in
[ 19901.690] (II) Loading sub module "present"
[ 19901.690] (II) LoadModule: "present"
[ 19901.690] (II) Module "present" already built-in
[ 19901.690] (II) UnloadModule: "modesetting"
[ 19901.690] (II) Unloading modesetting
[ 19901.690] (==) Depth 24 pixmap format is 32 bpp
[ 19901.690] (II) intel(0): SNA initialized with Haswell (gen7.5, gt2) backend
[ 19901.690] (==) intel(0): Backing store enabled
[ 19901.690] (==) intel(0): Silken mouse enabled
[ 19901.691] (II) intel(0): HW Cursor enabled
[ 19901.691] (II) intel(0): RandR 1.2 enabled, ignore the following RandR disabled message.
[ 19901.691] (==) intel(0): DPMS enabled
[ 19901.691] (==) intel(0): Display hotplug detection enabled
[ 19901.691] (II) intel(0): [DRI2] Setup complete
[ 19901.691] (II) intel(0): [DRI2]   DRI driver: i965
[ 19901.691] (II) intel(0): [DRI2]   VDPAU driver: va_gl
[ 19901.691] (II) intel(0): direct rendering: DRI2 DRI3 enabled
[ 19901.691] (II) intel(0): hardware support for Present enabled
[ 19901.691] (--) RandR disabled
[ 19901.699] (II) AIGLX: enabled GLX_MESA_copy_sub_buffer
[ 19901.699] (II) AIGLX: enabled GLX_ARB_create_context
[ 19901.699] (II) AIGLX: enabled GLX_ARB_create_context_profile
[ 19901.699] (II) AIGLX: enabled GLX_EXT_create_context_es{,2}_profile
[ 19901.699] (II) AIGLX: enabled GLX_INTEL_swap_event
[ 19901.699] (II) AIGLX: enabled GLX_SGI_swap_control
[ 19901.699] (II) AIGLX: enabled GLX_EXT_framebuffer_sRGB
[ 19901.699] (II) AIGLX: enabled GLX_ARB_fbconfig_float
[ 19901.699] (II) AIGLX: enabled GLX_EXT_fbconfig_packed_float
[ 19901.699] (II) AIGLX: GLX_EXT_texture_from_pixmap backed by buffer objects
[ 19901.699] (II) AIGLX: enabled GLX_ARB_create_context_robustness
[ 19901.699] (II) AIGLX: Loaded and initialized i965
[ 19901.699] (II) GLX: Initialized DRI2 GL provider for screen 0
[ 19901.700] (II) intel(0): switch to mode 1600x900@60.0 on eDP1 using pipe 0, position (0, 0), rotation normal, reflection none
[ 19901.712] (II) intel(0): Setting screen physical size to 423 x 238
[ 19901.740] (II) config/udev: Adding input device Power Button (/dev/input/event3)
[ 19901.740] (**) Power Button: Applying InputClass "evdev keyboard catchall"
[ 19901.740] (**) Power Button: Applying InputClass "libinput keyboard catchall"
[ 19901.740] (**) Power Button: Applying InputClass "system-keyboard"
[ 19901.740] (II) LoadModule: "libinput"
[ 19901.740] (II) Loading /usr/lib/xorg/modules/input/libinput_drv.so
[ 19901.741] (II) Module libinput: vendor="X.Org Foundation"
[ 19901.741] 	compiled for 1.19.6, module version = 0.27.1
[ 19901.741] 	Module class: X.Org XInput Driver
[ 19901.741] 	ABI class: X.Org XInput driver, version 24.1
[ 19901.741] (II) Using input driver 'libinput' for 'Power Button'
[ 19901.742] (II) systemd-logind: got fd for /dev/input/event3 13:67 fd 21 paused 0
[ 19901.742] (**) Power Button: always reports core events
[ 19901.742] (**) Option "Device" "/dev/input/event3"
[ 19901.742] (**) Option "_source" "server/udev"
[ 19901.742] (II) event3  - Power Button: is tagged by udev as: Keyboard
[ 19901.742] (II) event3  - Power Button: device is a keyboard
[ 19901.742] (II) event3  - Power Button: device removed
[ 19901.742] (**) Option "config_info" "udev:/sys/devices/LNXSYSTM:00/LNXPWRBN:00/input/input4/event3"
[ 19901.742] (II) XINPUT: Adding extended input device "Power Button" (type: KEYBOARD, id 6)
[ 19901.742] (**) Option "xkb_model" "pc105"
[ 19901.742] (**) Option "xkb_layout" "us"
[ 19901.743] (II) event3  - Power Button: is tagged by udev as: Keyboard
[ 19901.743] (II) event3  - Power Button: device is a keyboard
[ 19901.743] (II) config/udev: Adding input device Video Bus (/dev/input/event11)
[ 19901.743] (**) Video Bus: Applying InputClass "evdev keyboard catchall"
[ 19901.743] (**) Video Bus: Applying InputClass "libinput keyboard catchall"
[ 19901.743] (**) Video Bus: Applying InputClass "system-keyboard"
[ 19901.743] (II) Using input driver 'libinput' for 'Video Bus'
[ 19901.744] (II) systemd-logind: got fd for /dev/input/event11 13:75 fd 24 paused 0
[ 19901.744] (**) Video Bus: always reports core events
[ 19901.744] (**) Option "Device" "/dev/input/event11"
[ 19901.744] (**) Option "_source" "server/udev"
[ 19901.744] (II) event11 - Video Bus: is tagged by udev as: Keyboard
[ 19901.744] (II) event11 - Video Bus: device is a keyboard
[ 19901.744] (II) event11 - Video Bus: device removed
[ 19901.744] (**) Option "config_info" "udev:/sys/devices/LNXSYSTM:00/LNXSYBUS:00/PNP0A08:00/LNXVIDEO:00/input/input13/event11"
[ 19901.744] (II) XINPUT: Adding extended input device "Video Bus" (type: KEYBOARD, id 7)
[ 19901.744] (**) Option "xkb_model" "pc105"
[ 19901.744] (**) Option "xkb_layout" "us"
[ 19901.745] (II) event11 - Video Bus: is tagged by udev as: Keyboard
[ 19901.745] (II) event11 - Video Bus: device is a keyboard
[ 19901.745] (II) config/udev: Adding input device Lid Switch (/dev/input/event1)
[ 19901.745] (II) No input driver specified, ignoring this device.
[ 19901.745] (II) This device may have been added with another device file.
[ 19901.745] (II) config/udev: Adding input device Sleep Button (/dev/input/event2)
[ 19901.745] (**) Sleep Button: Applying InputClass "evdev keyboard catchall"
[ 19901.745] (**) Sleep Button: Applying InputClass "libinput keyboard catchall"
[ 19901.745] (**) Sleep Button: Applying InputClass "system-keyboard"
[ 19901.745] (II) Using input driver 'libinput' for 'Sleep Button'
[ 19901.746] (II) systemd-logind: got fd for /dev/input/event2 13:66 fd 25 paused 0
[ 19901.746] (**) Sleep Button: always reports core events
[ 19901.746] (**) Option "Device" "/dev/input/event2"
[ 19901.746] (**) Option "_source" "server/udev"
[ 19901.746] (II) event2  - Sleep Button: is tagged by udev as: Keyboard
[ 19901.746] (II) event2  - Sleep Button: device is a keyboard
[ 19901.746] (II) event2  - Sleep Button: device removed
[ 19901.746] (**) Option "config_info" "udev:/sys/devices/LNXSYSTM:00/LNXSYBUS:00/PNP0C0E:00/input/input3/event2"
[ 19901.746] (II) XINPUT: Adding extended input device "Sleep Button" (type: KEYBOARD, id 8)
[ 19901.746] (**) Option "xkb_model" "pc105"
[ 19901.746] (**) Option "xkb_layout" "us"
[ 19901.747] (II) event2  - Sleep Button: is tagged by udev as: Keyboard
[ 19901.747] (II) event2  - Sleep Button: device is a keyboard
[ 19901.747] (II) config/udev: Adding input device HDA Intel HDMI HDMI/DP,pcm=3 (/dev/input/event14)
[ 19901.747] (II) No input driver specified, ignoring this device.
[ 19901.747] (II) This device may have been added with another device file.
[ 19901.747] (II) config/udev: Adding input device HDA Intel HDMI HDMI/DP,pcm=7 (/dev/input/event15)
[ 19901.747] (II) No input driver specified, ignoring this device.
[ 19901.747] (II) This device may have been added with another device file.
[ 19901.748] (II) config/udev: Adding input device HDA Intel HDMI HDMI/DP,pcm=8 (/dev/input/event16)
[ 19901.748] (II) No input driver specified, ignoring this device.
[ 19901.748] (II) This device may have been added with another device file.
[ 19901.748] (II) config/udev: Adding input device HDA Intel HDMI HDMI/DP,pcm=9 (/dev/input/event17)
[ 19901.748] (II) No input driver specified, ignoring this device.
[ 19901.748] (II) This device may have been added with another device file.
[ 19901.748] (II) config/udev: Adding input device HDA Intel HDMI HDMI/DP,pcm=10 (/dev/input/event18)
[ 19901.748] (II) No input driver specified, ignoring this device.
[ 19901.748] (II) This device may have been added with another device file.
[ 19901.748] (II) config/udev: Adding input device Integrated Camera: Integrated C (/dev/input/event10)
[ 19901.748] (**) Integrated Camera: Integrated C: Applying InputClass "evdev keyboard catchall"
[ 19901.748] (**) Integrated Camera: Integrated C: Applying InputClass "libinput keyboard catchall"
[ 19901.748] (**) Integrated Camera: Integrated C: Applying InputClass "system-keyboard"
[ 19901.748] (II) Using input driver 'libinput' for 'Integrated Camera: Integrated C'
[ 19901.749] (II) systemd-logind: got fd for /dev/input/event10 13:74 fd 26 paused 0
[ 19901.749] (**) Integrated Camera: Integrated C: always reports core events
[ 19901.749] (**) Option "Device" "/dev/input/event10"
[ 19901.749] (**) Option "_source" "server/udev"
[ 19901.750] (II) event10 - Integrated Camera: Integrated C: is tagged by udev as: Keyboard
[ 19901.750] (II) event10 - Integrated Camera: Integrated C: device is a keyboard
[ 19901.750] (II) event10 - Integrated Camera: Integrated C: device removed
[ 19901.750] (**) Option "config_info" "udev:/sys/devices/pci0000:00/0000:00:14.0/usb1/1-8/1-8:1.0/input/input12/event10"
[ 19901.750] (II) XINPUT: Adding extended input device "Integrated Camera: Integrated C" (type: KEYBOARD, id 9)
[ 19901.750] (**) Option "xkb_model" "pc105"
[ 19901.750] (**) Option "xkb_layout" "us"
[ 19901.750] (II) event10 - Integrated Camera: Integrated C: is tagged by udev as: Keyboard
[ 19901.750] (II) event10 - Integrated Camera: Integrated C: device is a keyboard
[ 19901.750] (II) config/udev: Adding input device HDA Intel PCH Dock Headphone (/dev/input/event8)
[ 19901.750] (II) No input driver specified, ignoring this device.
[ 19901.750] (II) This device may have been added with another device file.
[ 19901.751] (II) config/udev: Adding input device HDA Intel PCH Headphone (/dev/input/event9)
[ 19901.751] (II) No input driver specified, ignoring this device.
[ 19901.751] (II) This device may have been added with another device file.
[ 19901.751] (II) config/udev: Adding input device HDA Digital PCBeep (/dev/input/event5)
[ 19901.751] (II) No input driver specified, ignoring this device.
[ 19901.751] (II) This device may have been added with another device file.
[ 19901.751] (II) config/udev: Adding input device HDA Intel PCH Dock Mic (/dev/input/event6)
[ 19901.751] (II) No input driver specified, ignoring this device.
[ 19901.751] (II) This device may have been added with another device file.
[ 19901.751] (II) config/udev: Adding input device HDA Intel PCH Mic (/dev/input/event7)
[ 19901.751] (II) No input driver specified, ignoring this device.
[ 19901.751] (II) This device may have been added with another device file.
[ 19901.752] (II) config/udev: Adding input device AT Translated Set 2 keyboard (/dev/input/event0)
[ 19901.752] (**) AT Translated Set 2 keyboard: Applying InputClass "evdev keyboard catchall"
[ 19901.752] (**) AT Translated Set 2 keyboard: Applying InputClass "libinput keyboard catchall"
[ 19901.752] (**) AT Translated Set 2 keyboard: Applying InputClass "system-keyboard"
[ 19901.752] (II) Using input driver 'libinput' for 'AT Translated Set 2 keyboard'
[ 19901.752] (II) systemd-logind: got fd for /dev/input/event0 13:64 fd 27 paused 0
[ 19901.752] (**) AT Translated Set 2 keyboard: always reports core events
[ 19901.752] (**) Option "Device" "/dev/input/event0"
[ 19901.752] (**) Option "_source" "server/udev"
[ 19901.753] (II) event0  - AT Translated Set 2 keyboard: is tagged by udev as: Keyboard
[ 19901.753] (II) event0  - AT Translated Set 2 keyboard: device is a keyboard
[ 19901.753] (II) event0  - AT Translated Set 2 keyboard: device removed
[ 19901.753] (**) Option "config_info" "udev:/sys/devices/platform/i8042/serio0/input/input0/event0"
[ 19901.753] (II) XINPUT: Adding extended input device "AT Translated Set 2 keyboard" (type: KEYBOARD, id 10)
[ 19901.753] (**) Option "xkb_model" "pc105"
[ 19901.753] (**) Option "xkb_layout" "us"
[ 19901.753] (II) event0  - AT Translated Set 2 keyboard: is tagged by udev as: Keyboard
[ 19901.753] (II) event0  - AT Translated Set 2 keyboard: device is a keyboard
[ 19901.754] (II) config/udev: Adding input device ThinkPad Extra Buttons (/dev/input/event4)
[ 19901.754] (**) ThinkPad Extra Buttons: Applying InputClass "evdev keyboard catchall"
[ 19901.754] (**) ThinkPad Extra Buttons: Applying InputClass "libinput keyboard catchall"
[ 19901.754] (**) ThinkPad Extra Buttons: Applying InputClass "system-keyboard"
[ 19901.754] (II) Using input driver 'libinput' for 'ThinkPad Extra Buttons'
[ 19901.754] (II) systemd-logind: got fd for /dev/input/event4 13:68 fd 28 paused 0
[ 19901.754] (**) ThinkPad Extra Buttons: always reports core events
[ 19901.754] (**) Option "Device" "/dev/input/event4"
[ 19901.754] (**) Option "_source" "server/udev"
[ 19901.755] (II) event4  - ThinkPad Extra Buttons: is tagged by udev as: Keyboard Switch
[ 19901.755] (II) event4  - ThinkPad Extra Buttons: device is a keyboard
[ 19901.755] (II) event4  - ThinkPad Extra Buttons: device removed
[ 19901.755] (**) Option "config_info" "udev:/sys/devices/platform/thinkpad_acpi/input/input5/event4"
[ 19901.755] (II) XINPUT: Adding extended input device "ThinkPad Extra Buttons" (type: KEYBOARD, id 11)
[ 19901.755] (**) Option "xkb_model" "pc105"
[ 19901.755] (**) Option "xkb_layout" "us"
[ 19901.755] (II) event4  - ThinkPad Extra Buttons: is tagged by udev as: Keyboard Switch
[ 19901.755] (II) event4  - ThinkPad Extra Buttons: device is a keyboard
[ 19901.756] (II) config/udev: Adding input device Synaptics TM3053-003 (/dev/input/event12)
[ 19901.756] (**) Synaptics TM3053-003: Applying InputClass "evdev touchpad catchall"
[ 19901.756] (**) Synaptics TM3053-003: Applying InputClass "libinput touchpad catchall"
[ 19901.756] (**) Synaptics TM3053-003: Applying InputClass "touchpad"
[ 19901.756] (II) Using input driver 'libinput' for 'Synaptics TM3053-003'
[ 19901.756] (II) systemd-logind: got fd for /dev/input/event12 13:76 fd 29 paused 0
[ 19901.756] (**) Synaptics TM3053-003: always reports core events
[ 19901.756] (**) Option "Device" "/dev/input/event12"
[ 19901.756] (**) Option "_source" "server/udev"
[ 19901.757] (II) event12 - Synaptics TM3053-003: is tagged by udev as: Touchpad
[ 19901.757] (II) event12 - Synaptics TM3053-003: device is a touchpad
[ 19901.757] (II) event12 - Synaptics TM3053-003: device removed
[ 19901.757] (**) Option "Tapping" "on"
[ 19901.757] (**) Option "config_info" "udev:/sys/devices/rmi4-00/input/input14/event12"
[ 19901.757] (II) XINPUT: Adding extended input device "Synaptics TM3053-003" (type: TOUCHPAD, id 12)
[ 19901.757] (**) Option "AccelerationScheme" "none"
[ 19901.757] (**) Synaptics TM3053-003: (accel) selected scheme none/0
[ 19901.757] (**) Synaptics TM3053-003: (accel) acceleration factor: 2.000
[ 19901.757] (**) Synaptics TM3053-003: (accel) acceleration threshold: 4
[ 19901.757] (II) event12 - Synaptics TM3053-003: is tagged by udev as: Touchpad
[ 19901.757] (II) event12 - Synaptics TM3053-003: device is a touchpad
[ 19901.757] (II) config/udev: Adding input device Synaptics TM3053-003 (/dev/input/mouse0)
[ 19901.757] (**) Synaptics TM3053-003: Applying InputClass "touchpad"
[ 19901.757] (II) Using input driver 'libinput' for 'Synaptics TM3053-003'
[ 19901.757] (**) Synaptics TM3053-003: always reports core events
[ 19901.757] (**) Option "Device" "/dev/input/mouse0"
[ 19901.757] (**) Option "_source" "server/udev"
[ 19901.757] (EE) xf86OpenSerial: Cannot open device /dev/input/mouse0
	Permission denied.
[ 19901.757] (II) mouse0: opening input device '/dev/input/mouse0' failed (Permission denied).
[ 19901.757] (II) mouse0  - failed to create input device '/dev/input/mouse0'.
[ 19901.757] (EE) libinput: Synaptics TM3053-003: Failed to create a device for /dev/input/mouse0
[ 19901.757] (EE) PreInit returned 2 for "Synaptics TM3053-003"
[ 19901.757] (II) UnloadModule: "libinput"
[ 19901.758] (II) config/udev: Adding input device TPPS/2 IBM TrackPoint (/dev/input/event13)
[ 19901.758] (**) TPPS/2 IBM TrackPoint: Applying InputClass "evdev pointer catchall"
[ 19901.758] (**) TPPS/2 IBM TrackPoint: Applying InputClass "libinput pointer catchall"
[ 19901.758] (II) Using input driver 'libinput' for 'TPPS/2 IBM TrackPoint'
[ 19901.758] (II) systemd-logind: got fd for /dev/input/event13 13:77 fd 30 paused 0
[ 19901.758] (**) TPPS/2 IBM TrackPoint: always reports core events
[ 19901.758] (**) Option "Device" "/dev/input/event13"
[ 19901.758] (**) Option "_source" "server/udev"
[ 19901.759] (II) event13 - TPPS/2 IBM TrackPoint: is tagged by udev as: Mouse Pointingstick
[ 19901.759] (II) event13 - TPPS/2 IBM TrackPoint: trackpoint device set to range 30
[ 19901.759] (II) event13 - TPPS/2 IBM TrackPoint: device is a pointer
[ 19901.759] (II) event13 - TPPS/2 IBM TrackPoint: device removed
[ 19901.759] (**) Option "config_info" "udev:/sys/devices/rmi4-00/rmi4-00.fn03/serio2/input/input15/event13"
[ 19901.759] (II) XINPUT: Adding extended input device "TPPS/2 IBM TrackPoint" (type: MOUSE, id 13)
[ 19901.759] (**) Option "AccelerationScheme" "none"
[ 19901.759] (**) TPPS/2 IBM TrackPoint: (accel) selected scheme none/0
[ 19901.759] (**) TPPS/2 IBM TrackPoint: (accel) acceleration factor: 2.000
[ 19901.759] (**) TPPS/2 IBM TrackPoint: (accel) acceleration threshold: 4
[ 19901.759] (II) event13 - TPPS/2 IBM TrackPoint: is tagged by udev as: Mouse Pointingstick
[ 19901.759] (II) event13 - TPPS/2 IBM TrackPoint: trackpoint device set to range 30
[ 19901.759] (II) event13 - TPPS/2 IBM TrackPoint: device is a pointer
[ 19901.759] (II) config/udev: Adding input device TPPS/2 IBM TrackPoint (/dev/input/mouse1)
[ 19901.759] (II) No input driver specified, ignoring this device.
[ 19901.759] (II) This device may have been added with another device file.
[ 19901.894] (**) Option "fd" "29"
[ 19901.894] (II) event12 - Synaptics TM3053-003: device removed
[ 19903.691] (II) intel(0): EDID vendor "AUO", prod id 12350
[ 19903.691] (II) intel(0): Printing DDC gathered Modelines:
[ 19903.691] (II) intel(0): Modeline "1600x900"x0.0  115.20  1600 1664 1706 2000  900 903 906 960 -hsync -vsync (57.6 kHz eP)
[ 19907.995] (**) Option "fd" "21"
[ 19907.995] (II) event3  - Power Button: device removed
[ 19907.995] (**) Option "fd" "24"
[ 19907.995] (II) event11 - Video Bus: device removed
[ 19907.995] (**) Option "fd" "25"
[ 19907.995] (II) event2  - Sleep Button: device removed
[ 19907.995] (**) Option "fd" "26"
[ 19907.995] (II) event10 - Integrated Camera: Integrated C: device removed
[ 19907.995] (**) Option "fd" "27"
[ 19907.995] (II) event0  - AT Translated Set 2 keyboard: device removed
[ 19907.995] (**) Option "fd" "28"
[ 19907.995] (II) event4  - ThinkPad Extra Buttons: device removed
[ 19907.996] (**) Option "fd" "30"
[ 19907.996] (II) event13 - TPPS/2 IBM TrackPoint: device removed
[ 19907.996] (II) UnloadModule: "libinput"
[ 19907.996] (II) systemd-logind: releasing fd for 13:77
[ 19908.031] (II) UnloadModule: "libinput"
[ 19908.031] (II) systemd-logind: releasing fd for 13:68
[ 19908.061] (II) UnloadModule: "libinput"
[ 19908.061] (II) systemd-logind: releasing fd for 13:64
[ 19908.078] (II) UnloadModule: "libinput"
[ 19908.078] (II) systemd-logind: releasing fd for 13:74
[ 19908.111] (II) UnloadModule: "libinput"
[ 19908.111] (II) systemd-logind: releasing fd for 13:66
[ 19908.131] (II) UnloadModule: "libinput"
[ 19908.131] (II) systemd-logind: releasing fd for 13:75
[ 19908.171] (II) UnloadModule: "libinput"
[ 19908.171] (II) systemd-logind: releasing fd for 13:67
[ 19908.191] (II) UnloadModule: "libinput"
[ 19908.191] (II) systemd-logind: releasing fd for 13:76
[ 19908.299] (II) Server terminated successfully (0). Closing log file.
